# JRE version: OpenJDK Runtime Environment (17.0.7) (fastdebug build 17.0.7-internal+0-adhoc.zhangdingli.riscv-port-jdk17u)
# Java VM: OpenJDK 64-Bit Server VM (fastdebug 17.0.7-internal+0-adhoc.zhangdingli.riscv-port-jdk17u, mixed mode, sharing, compressed class ptrs, g1 gc, linux-riscv64)
GC Precious Log:
 CPUs: 52 total, 52 available
 Memory: 185G
 Large Page Support: Disabled
 NUMA Support: Disabled
 Compressed Oops: Disabled
 Heap Region Size: 16M
 Heap Min Capacity: 16M
 Heap Initial Capacity: 2G
 Heap Max Capacity: 32G
 Pre-touch: Disabled
 Parallel Workers: 35
 Concurrent Workers: 9
 Concurrent Refinement Workers: 35
 Periodic GC: Disabled
Heap:
 garbage-first heap   total 1671168K, used 300115K [0x000000481a000000, 0x000000501a000000)
  region size 16384K, 14 young (229376K), 1 survivors (16384K)
 Metaspace       used 63758K, committed 64896K, reserved 1114112K
  class space    used 8676K, committed 9152K, reserved 1048576K
GC Heap History (20 events):
Event: 168.788 GC heap before
{Heap before GC invocations=18 (full 0):
 garbage-first heap   total 1163264K, used 124764K [0x000000481a000000, 0x000000501a000000)
  region size 16384K, 7 young (114688K), 1 survivors (16384K)
 Metaspace       used 60871K, committed 61632K, reserved 1114112K
  class space    used 8122K, committed 8448K, reserved 1048576K
}
Event: 168.907 GC heap after
{Heap after GC invocations=19 (full 0):
 garbage-first heap   total 1900544K, used 45682K [0x000000481a000000, 0x000000501a000000)
  region size 16384K, 1 young (16384K), 1 survivors (16384K)
 Metaspace       used 60871K, committed 61632K, reserved 1114112K
  class space    used 8122K, committed 8448K, reserved 1048576K
}
Event: 178.370 GC heap before
{Heap before GC invocations=19 (full 0):
 garbage-first heap   total 1900544K, used 176754K [0x000000481a000000, 0x000000501a000000)
  region size 16384K, 10 young (163840K), 1 survivors (16384K)
 Metaspace       used 61379K, committed 62144K, reserved 1114112K
  class space    used 8184K, committed 8512K, reserved 1048576K
}
Event: 178.453 GC heap after
{Heap after GC invocations=20 (full 0):
 garbage-first heap   total 1900544K, used 47262K [0x000000481a000000, 0x000000501a000000)
  region size 16384K, 1 young (16384K), 1 survivors (16384K)
 Metaspace       used 61379K, committed 62144K, reserved 1114112K
  class space    used 8184K, committed 8512K, reserved 1048576K
}
Event: 180.209 GC heap before
{Heap before GC invocations=20 (full 0):
 garbage-first heap   total 1900544K, used 112798K [0x000000481a000000, 0x000000501a000000)
  region size 16384K, 7 young (114688K), 1 survivors (16384K)
 Metaspace       used 61423K, committed 62208K, reserved 1114112K
  class space    used 8190K, committed 8512K, reserved 1048576K
}
Event: 182.388 GC heap after
{Heap after GC invocations=21 (full 1):
 garbage-first heap   total 557056K, used 45824K [0x000000481a000000, 0x000000501a000000)
  region size 16384K, 0 young (0K), 0 survivors (0K)
 Metaspace       used 61345K, committed 62208K, reserved 1114112K
  class space    used 8168K, committed 8512K, reserved 1048576K
}
Event: 209.114 GC heap before
{Heap before GC invocations=21 (full 1):
 garbage-first heap   total 557056K, used 324352K [0x000000481a000000, 0x000000501a000000)
  region size 16384K, 18 young (294912K), 0 survivors (0K)
 Metaspace       used 63291K, committed 64256K, reserved 1114112K
  class space    used 8583K, committed 9024K, reserved 1048576K
}
Event: 209.188 GC heap after
{Heap after GC invocations=22 (full 1):
 garbage-first heap   total 557056K, used 77080K [0x000000481a000000, 0x000000501a000000)
  region size 16384K, 2 young (32768K), 2 survivors (32768K)
 Metaspace       used 63291K, committed 64256K, reserved 1114112K
  class space    used 8583K, committed 9024K, reserved 1048576K
}
Event: 209.295 GC heap before
{Heap before GC invocations=22 (full 1):
 garbage-first heap   total 557056K, used 77080K [0x000000481a000000, 0x000000501a000000)
  region size 16384K, 3 young (49152K), 2 survivors (32768K)
 Metaspace       used 63291K, committed 64256K, reserved 1114112K
  class space    used 8583K, committed 9024K, reserved 1048576K
}
Event: 209.462 GC heap after
{Heap after GC invocations=23 (full 1):
 garbage-first heap   total 557056K, used 85185K [0x000000481a000000, 0x000000501a000000)
  region size 16384K, 1 young (16384K), 1 survivors (16384K)
 Metaspace       used 63291K, committed 64256K, reserved 1114112K
  class space    used 8583K, committed 9024K, reserved 1048576K
}
Event: 209.497 GC heap before
{Heap before GC invocations=23 (full 1):
 garbage-first heap   total 557056K, used 85185K [0x000000481a000000, 0x000000501a000000)
  region size 16384K, 2 young (32768K), 1 survivors (16384K)
 Metaspace       used 63294K, committed 64256K, reserved 1114112K
  class space    used 8583K, committed 9024K, reserved 1048576K
}
Event: 209.581 GC heap after
{Heap after GC invocations=24 (full 1):
 garbage-first heap   total 557056K, used 95827K [0x000000481a000000, 0x000000501a000000)
  region size 16384K, 1 young (16384K), 1 survivors (16384K)
 Metaspace       used 63294K, committed 64256K, reserved 1114112K
  class space    used 8583K, committed 9024K, reserved 1048576K
}
Event: 209.609 GC heap before
{Heap before GC invocations=24 (full 1):
 garbage-first heap   total 557056K, used 95827K [0x000000481a000000, 0x000000501a000000)
  region size 16384K, 2 young (32768K), 1 survivors (16384K)
 Metaspace       used 63295K, committed 64256K, reserved 1114112K
  class space    used 8583K, committed 9024K, reserved 1048576K
}
Event: 209.687 GC heap after
{Heap after GC invocations=25 (full 1):
 garbage-first heap   total 557056K, used 104421K [0x000000481a000000, 0x000000501a000000)
  region size 16384K, 1 young (16384K), 1 survivors (16384K)
 Metaspace       used 63295K, committed 64256K, reserved 1114112K
  class space    used 8583K, committed 9024K, reserved 1048576K
}
Event: 213.413 GC heap before
{Heap before GC invocations=26 (full 1):
 garbage-first heap   total 557056K, used 202725K [0x000000481a000000, 0x000000501a000000)
  region size 16384K, 8 young (131072K), 1 survivors (16384K)
 Metaspace       used 63432K, committed 64512K, reserved 1114112K
  class space    used 8607K, committed 9088K, reserved 1048576K
}
Event: 213.567 GC heap after
{Heap after GC invocations=27 (full 1):
 garbage-first heap   total 1671168K, used 100883K [0x000000481a000000, 0x000000501a000000)
  region size 16384K, 1 young (16384K), 1 survivors (16384K)
 Metaspace       used 63432K, committed 64512K, reserved 1114112K
  class space    used 8607K, committed 9088K, reserved 1048576K
}
Event: 219.171 GC heap before
{Heap before GC invocations=27 (full 1):
 garbage-first heap   total 1671168K, used 150035K [0x000000481a000000, 0x000000501a000000)
  region size 16384K, 5 young (81920K), 1 survivors (16384K)
 Metaspace       used 63733K, committed 64768K, reserved 1114112K
  class space    used 8676K, committed 9152K, reserved 1048576K
}
Event: 219.289 GC heap after
{Heap after GC invocations=28 (full 1):
 garbage-first heap   total 1671168K, used 131648K [0x000000481a000000, 0x000000501a000000)
  region size 16384K, 1 young (16384K), 1 survivors (16384K)
 Metaspace       used 63733K, committed 64768K, reserved 1114112K
  class space    used 8676K, committed 9152K, reserved 1048576K
}
Event: 219.355 GC heap before
{Heap before GC invocations=28 (full 1):
 garbage-first heap   total 1671168K, used 246336K [0x000000481a000000, 0x000000501a000000)
  region size 16384K, 9 young (147456K), 1 survivors (16384K)
 Metaspace       used 63736K, committed 64768K, reserved 1114112K
  class space    used 8676K, committed 9152K, reserved 1048576K
}
Event: 219.383 GC heap after
{Heap after GC invocations=29 (full 1):
 garbage-first heap   total 1671168K, used 119891K [0x000000481a000000, 0x000000501a000000)
  region size 16384K, 1 young (16384K), 1 survivors (16384K)
 Metaspace       used 63736K, committed 64768K, reserved 1114112K
  class space    used 8676K, committed 9152K, reserved 1048576K
}

