# JRE version: OpenJDK Runtime Environment (17.0.7) (build 17.0.7-internal+0-adhoc.zhangdingli.riscv-port-jdk17u)
# Java VM: OpenJDK 64-Bit Server VM (17.0.7-internal+0-adhoc.zhangdingli.riscv-port-jdk17u, mixed mode, sharing, compressed class ptrs, g1 gc, linux-riscv64)
GC Precious Log:
 CPUs: 52 total, 52 available
 Memory: 185G
 Large Page Support: Disabled
 NUMA Support: Disabled
 Compressed Oops: Disabled
 Heap Region Size: 16M
 Heap Min Capacity: 16M
 Heap Initial Capacity: 2G
 Heap Max Capacity: 32G
 Pre-touch: Disabled
 Parallel Workers: 35
 Concurrent Workers: 9
 Concurrent Refinement Workers: 35
 Periodic GC: Disabled
Heap:
 garbage-first heap   total 442368K, used 169042K [0x0000004819000000, 0x0000005019000000)
  region size 16384K, 10 young (163840K), 1 survivors (16384K)
 Metaspace       used 60951K, committed 62144K, reserved 1114112K
  class space    used 8440K, committed 8960K, reserved 1048576K
GC Heap History (20 events):
Event: 28.899 GC heap before
{Heap before GC invocations=7 (full 0):
 garbage-first heap   total 229376K, used 111363K [0x0000004819000000, 0x0000005019000000)
  region size 16384K, 7 young (114688K), 1 survivors (16384K)
 Metaspace       used 49923K, committed 50560K, reserved 1114112K
  class space    used 6858K, committed 7104K, reserved 1048576K
}
Event: 28.920 GC heap after
{Heap after GC invocations=8 (full 0):
 garbage-first heap   total 229376K, used 34648K [0x0000004819000000, 0x0000005019000000)
  region size 16384K, 1 young (16384K), 1 survivors (16384K)
 Metaspace       used 49923K, committed 50560K, reserved 1114112K
  class space    used 6858K, committed 7104K, reserved 1048576K
}
Event: 30.015 GC heap before
{Heap before GC invocations=8 (full 0):
 garbage-first heap   total 229376K, used 51032K [0x0000004819000000, 0x0000005019000000)
  region size 16384K, 2 young (32768K), 1 survivors (16384K)
 Metaspace       used 50473K, committed 51072K, reserved 1114112K
  class space    used 6949K, committed 7232K, reserved 1048576K
}
Event: 30.043 GC heap after
{Heap after GC invocations=9 (full 0):
 garbage-first heap   total 229376K, used 34751K [0x0000004819000000, 0x0000005019000000)
  region size 16384K, 1 young (16384K), 1 survivors (16384K)
 Metaspace       used 50473K, committed 51072K, reserved 1114112K
  class space    used 6949K, committed 7232K, reserved 1048576K
}
Event: 33.015 GC heap before
{Heap before GC invocations=9 (full 0):
 garbage-first heap   total 229376K, used 133055K [0x0000004819000000, 0x0000005019000000)
  region size 16384K, 7 young (114688K), 1 survivors (16384K)
 Metaspace       used 51987K, committed 52672K, reserved 1114112K
  class space    used 7130K, committed 7424K, reserved 1048576K
}
Event: 33.046 GC heap after
{Heap after GC invocations=10 (full 0):
 garbage-first heap   total 229376K, used 38309K [0x0000004819000000, 0x0000005019000000)
  region size 16384K, 1 young (16384K), 1 survivors (16384K)
 Metaspace       used 51987K, committed 52672K, reserved 1114112K
  class space    used 7130K, committed 7424K, reserved 1048576K
}
Event: 34.397 GC heap before
{Heap before GC invocations=10 (full 0):
 garbage-first heap   total 229376K, used 136613K [0x0000004819000000, 0x0000005019000000)
  region size 16384K, 7 young (114688K), 1 survivors (16384K)
 Metaspace       used 53877K, committed 54592K, reserved 1114112K
  class space    used 7378K, committed 7680K, reserved 1048576K
}
Event: 34.445 GC heap after
{Heap after GC invocations=11 (full 0):
 garbage-first heap   total 229376K, used 42824K [0x0000004819000000, 0x0000005019000000)
  region size 16384K, 1 young (16384K), 1 survivors (16384K)
 Metaspace       used 53877K, committed 54592K, reserved 1114112K
  class space    used 7378K, committed 7680K, reserved 1048576K
}
Event: 38.028 GC heap before
{Heap before GC invocations=11 (full 0):
 garbage-first heap   total 229376K, used 124744K [0x0000004819000000, 0x0000005019000000)
  region size 16384K, 7 young (114688K), 1 survivors (16384K)
 Metaspace       used 58286K, committed 59072K, reserved 1114112K
  class space    used 7930K, committed 8256K, reserved 1048576K
}
Event: 38.068 GC heap after
{Heap after GC invocations=12 (full 0):
 garbage-first heap   total 1163264K, used 46178K [0x0000004819000000, 0x0000005019000000)
  region size 16384K, 1 young (16384K), 1 survivors (16384K)
 Metaspace       used 58286K, committed 59072K, reserved 1114112K
  class space    used 7930K, committed 8256K, reserved 1048576K
}
Event: 43.443 GC heap before
{Heap before GC invocations=12 (full 0):
 garbage-first heap   total 1163264K, used 259170K [0x0000004819000000, 0x0000005019000000)
  region size 16384K, 16 young (262144K), 1 survivors (16384K)
 Metaspace       used 58919K, committed 59776K, reserved 1114112K
  class space    used 8023K, committed 8448K, reserved 1048576K
}
Event: 43.636 GC heap after
{Heap after GC invocations=13 (full 1):
 garbage-first heap   total 442368K, used 45932K [0x0000004819000000, 0x0000005019000000)
  region size 16384K, 0 young (0K), 0 survivors (0K)
 Metaspace       used 58851K, committed 59776K, reserved 1114112K
  class space    used 8004K, committed 8448K, reserved 1048576K
}
Event: 46.296 GC heap before
{Heap before GC invocations=13 (full 1):
 garbage-first heap   total 442368K, used 242540K [0x0000004819000000, 0x0000005019000000)
  region size 16384K, 13 young (212992K), 0 survivors (0K)
 Metaspace       used 60533K, committed 61632K, reserved 1114112K
  class space    used 8367K, committed 8896K, reserved 1048576K
}
Event: 46.339 GC heap after
{Heap after GC invocations=14 (full 1):
 garbage-first heap   total 442368K, used 76991K [0x0000004819000000, 0x0000005019000000)
  region size 16384K, 2 young (32768K), 2 survivors (32768K)
 Metaspace       used 60533K, committed 61632K, reserved 1114112K
  class space    used 8367K, committed 8896K, reserved 1048576K
}
Event: 46.474 GC heap before
{Heap before GC invocations=14 (full 1):
 garbage-first heap   total 442368K, used 224447K [0x0000004819000000, 0x0000005019000000)
  region size 16384K, 12 young (196608K), 2 survivors (32768K)
 Metaspace       used 60540K, committed 61696K, reserved 1114112K
  class space    used 8367K, committed 8896K, reserved 1048576K
}
Event: 46.484 GC heap after
{Heap after GC invocations=15 (full 1):
 garbage-first heap   total 442368K, used 55021K [0x0000004819000000, 0x0000005019000000)
  region size 16384K, 1 young (16384K), 1 survivors (16384K)
 Metaspace       used 60540K, committed 61696K, reserved 1114112K
  class space    used 8367K, committed 8896K, reserved 1048576K
}
Event: 47.894 GC heap before
{Heap before GC invocations=15 (full 1):
 garbage-first heap   total 442368K, used 218861K [0x0000004819000000, 0x0000005019000000)
  region size 16384K, 12 young (196608K), 1 survivors (16384K)
 Metaspace       used 60926K, committed 62016K, reserved 1114112K
  class space    used 8439K, committed 8960K, reserved 1048576K
}
Event: 47.899 GC heap after
{Heap after GC invocations=16 (full 1):
 garbage-first heap   total 442368K, used 73225K [0x0000004819000000, 0x0000005019000000)
  region size 16384K, 2 young (32768K), 2 survivors (32768K)
 Metaspace       used 60926K, committed 62016K, reserved 1114112K
  class space    used 8439K, committed 8960K, reserved 1048576K
}
Event: 47.933 GC heap before
{Heap before GC invocations=16 (full 1):
 garbage-first heap   total 442368K, used 220681K [0x0000004819000000, 0x0000005019000000)
  region size 16384K, 12 young (196608K), 2 survivors (32768K)
 Metaspace       used 60926K, committed 62016K, reserved 1114112K
  class space    used 8439K, committed 8960K, reserved 1048576K
}
Event: 47.939 GC heap after
{Heap after GC invocations=17 (full 1):
 garbage-first heap   total 442368K, used 54354K [0x0000004819000000, 0x0000005019000000)
  region size 16384K, 1 young (16384K), 1 survivors (16384K)
 Metaspace       used 60926K, committed 62016K, reserved 1114112K
  class space    used 8439K, committed 8960K, reserved 1048576K
}

